2 260
2 264
2 268
2 272
2 276
2 296
2 300
2 304
1 5241852
2 308
1 5241848
2 312
2 316
2 320
2 324
2 692
2 696
2 700
1 5241828
2 704
1 5241824
2 708
2 712
1 5241832
2 716
0 30768
2 720
2 724
2 728
0 5241832
2 732
2 356
2 360
2 364
1 5241804
2 368
1 5241800
2 372
2 376
1 5241808
2 380
1 5241812
2 384
0 5241812
2 388
2 760
2 764
2 768
0 27848
2 772
2 776
2 764
2 768
0 27849
2 772
2 776
2 764
2 768
0 27850
2 772
2 776
2 764
2 768
0 27851
2 772
2 776
2 764
2 768
0 27852
2 772
2 776
2 764
2 768
0 27853
2 772
2 776
2 780
2 784
2 392
2 396
1 5241768
2 400
0 5241812
2 404
2 408
1 5241784
2 412
0 5241768
2 416
2 420
1 5241788
2 424
2 428
2 432
1 5241792
2 436
2 440
1 5241796
2 444
0 5241768
2 448
2 452
2 456
1 5241780
2 460
2 464
1 5241772
2 468
2 472
1 5241776
2 476
0 30768
2 480
2 484
0 29532
2 488
2 492
0 12
2 496
2 500
2 504
2 508
2 512
2 516
0 30768
2 520
2 524
0 29532
2 528
0 30768
2 532
2 536
0 29532
2 540
2 544
0 12
2 548
2 552
2 556
2 560
2 564
1 29536
2 568
0 30768
2 572
2 576
0 29532
2 580
0 30768
2 584
2 588
0 29532
2 592
2 596
0 29624
2 600
2 604
2 608
1 29624
2 612
0 5241808
2 616
2 620
0 28680
2 624
2 628
0 5241808
2 632
2 636
2 640
2 788
2 792
2 796
1 5241748
2 800
1 5241744
2 804
1 5241740
2 808
1 5241736
2 812
1 5241732
2 816
1 5241728
2 820
1 5241724
2 824
1 5241720
2 828
1 5241716
2 832
2 836
1 5241752
2 840
2 844
2 848
2 852
0 5241780
2 856
2 860
2 864
2 880
2 884
0 29536
2 888
2 892
2 896
2 900
2 920
2 924
0 5241752
2 928
2 932
2 14932
2 14936
2 14940
1 5241668
2 14944
1 5241664
2 14948
1 5241660
2 14952
2 14956
1 5241672
2 14960
2 14964
0 30768
2 14968
2 14972
2 14976
2 14980
0 30768
2 14984
2 14988
0 56
2 14992
2 14996
2 15000
2 15004
0 30768
2 15008
2 15012
2 15016
2 18188
2 18192
2 18196
1 5241636
2 18200
1 5241632
2 18204
2 18208
1 5241640
2 18212
2 18548
2 18552
2 18556
1 5241612
2 18560
2 18564
2 18568
0 5241612
2 18572
2 18576
2 18216
2 18220
0 5241640
2 18224
2 18228
0 56
2 18232
2 18236
2 18256
2 18260
0 5241640
2 18264
2 18268
2 18272
1 28732
2 18276
0 5241640
2 18280
2 18284
1 28728
2 18288
0 5241640
2 18292
2 18296
1 29408
2 18300
0 5241640
2 18304
2 18308
1 29412
2 18312
0 5241640
2 18316
2 18320
2 18324
0 5241640
2 18328
2 18332
1 29416
2 18336
0 5241640
2 18340
2 18344
0 29424
2 18348
2 18352
2 18356
2 18360
2 18364
0 5241640
2 18368
2 16916
2 16920
2 16924
1 5241612
2 16928
1 5241608
2 16932
2 16936
1 5241616
2 16940
1 5241620
2 16944
1 5241624
2 16948
1 5241628
2 16952
0 5241616
2 16956
2 16960
1 29420
2 16964
0 5241616
2 16968
2 16972
1 29424
2 16976
0 5241616
2 16980
2 16984
1 29428
2 16988
0 5241620
2 16992
2 16996
2 17000
2 17004
0 5241616
2 17008
2 17012
1 29432
2 17016
0 5241616
2 17020
2 17024
1 29520
2 17028
0 5241624
2 17032
2 17036
2 17040
2 17044
0 5241616
2 17048
2 17052
1 29434
2 17056
0 5241616
2 17060
2 17064
1 29436
2 17068
0 5241616
2 17072
2 17076
1 29440
2 17080
0 5241616
2 17084
2 17088
1 29444
2 17092
0 5241616
2 17096
2 17100
2 17104
2 17108
2 17112
2 17116
2 22480
2 22484
2 22488
1 5241588
2 22492
2 22496
1 5241592
2 22500
1 5241596
2 22504
1 5241600
2 22508
0 5241592
2 22512
2 22516
1 5241560
2 22520
0 5241600
2 22524
2 22528
2 22532
2 22980
2 22984
2 23040
2 23044
0 5241600
2 23048
2 23052
2 22988
2 22992
0 5241560
2 22996
2 23000
2 23004
1 5241560
2 23008
0 5241596
2 23012
2 23016
2 23020
2 23024
1 29512
2 23028
0 5241600
2 23032
2 23036
2 23040
1 5241600
2 23044
0 5241600
2 23048
2 23052
2 22988
2 22992
0 5241560
2 22996
2 23000
2 23004
1 5241560
2 23008
0 5241596
2 23012
2 23016
2 23020
2 23024
1 29513
2 23028
0 5241600
2 23032
2 23036
2 23040
1 5241600
2 23044
0 5241600
2 23048
2 23052
2 22988
2 22992
0 5241560
2 22996
2 23000
2 23004
1 5241560
2 23008
0 5241596
2 23012
2 23016
2 23020
2 23024
1 29514
2 23028
0 5241600
2 23032
2 23036
2 23040
1 5241600
2 23044
0 5241600
2 23048
2 23052
2 22988
2 22992
0 5241560
2 22996
2 23000
2 23004
1 5241560
2 23008
0 5241596
2 23012
2 23016
2 23020
2 23024
1 29515
2 23028
0 5241600
2 23032
2 23036
2 23040
1 5241600
2 23044
0 5241600
2 23048
2 23052
2 22988
2 22992
0 5241560
2 22996
2 23000
2 23004
1 5241560
2 23008
0 5241596
2 23012
2 23016
2 23020
2 23024
1 29516
2 23028
0 5241600
2 23032
2 23036
2 23040
1 5241600
2 23044
0 5241600
2 23048
2 23052
2 22988
2 22992
0 5241560
2 22996
2 23000
2 23004
1 5241560
2 23008
0 5241596
2 23012
2 23016
2 23020
2 23024
1 29517
2 23028
0 5241600
2 23032
2 23036
2 23040
1 5241600
2 23044
0 5241600
2 23048
2 23052
2 22988
2 22992
0 5241560
2 22996
2 23000
2 23004
1 5241560
2 23008
0 5241596
2 23012
2 23016
2 23020
2 23024
1 29518
2 23028
0 5241600
2 23032
2 23036
2 23040
1 5241600
2 23044
0 5241600
2 23048
2 23052
2 22988
2 22992
0 5241560
2 22996
2 23000
2 23004
1 5241560
2 23008
0 5241596
2 23012
2 23016
2 23020
2 23024
1 29519
2 23028
0 5241600
2 23032
2 23036
2 23040
1 5241600
2 23044
0 5241600
2 23048
2 23052
2 23056
2 23060
0 5241592
2 23064
2 23068
0 5241588
2 23072
2 23076
2 17120
2 17124
0 5241616
2 17128
0 5241616
2 17132
2 17136
1 29448
2 17140
0 5241616
2 17144
2 17148
2 17152
1 29452
2 17156
0 5241616
2 17160
2 17164
2 17168
1 29456
2 17172
0 5241616
2 17176
2 17180
2 17184
1 29460
2 17188
0 5241616
2 17192
2 17196
2 17200
1 29464
2 17204
2 17208
0 5241612
2 17212
0 5241608
2 17216
2 17220
2 18372
2 18376
0 5241640
2 18380
2 18384
0 29532
2 18388
2 18392
2 18396
2 18400
2 18404
0 5241640
2 18408
2 16916
2 16920
2 16924
1 5241612
2 16928
1 5241608
2 16932
2 16936
1 5241616
2 16940
1 5241620
2 16944
1 5241624
2 16948
1 5241628
2 16952
0 5241616
2 16956
2 16960
1 29524
2 16964
0 5241616
2 16968
2 16972
1 29528
2 16976
0 5241616
2 16980
2 16984
1 29532
2 16988
0 5241620
2 16992
2 16996
2 17000
2 17004
0 5241616
2 17008
2 17012
1 29536
2 17016
0 5241616
2 17020
2 17024
1 29624
2 17028
0 5241624
2 17032
2 17036
2 17040
2 17044
0 5241616
2 17048
2 17052
1 29538
2 17056
0 5241616
2 17060
2 17064
1 29540
2 17068
0 5241616
2 17072
2 17076
1 29544
2 17080
0 5241616
2 17084
2 17088
1 29548
2 17092
0 5241616
2 17096
2 17100
2 17104
2 17108
2 17112
2 17116
2 22480
2 22484
2 22488
1 5241588
2 22492
2 22496
1 5241592
2 22500
1 5241596
2 22504
1 5241600
2 22508
0 5241592
2 22512
2 22516
1 5241560
2 22520
0 5241600
2 22524
2 22528
2 22532
2 22980
2 22984
2 23040
2 23044
0 5241600
2 23048
2 23052
2 22988
2 22992
0 5241560
2 22996
2 23000
2 23004
1 5241560
2 23008
0 5241596
2 23012
2 23016
2 23020
2 23024
1 29616
2 23028
0 5241600
2 23032
2 23036
2 23040
1 5241600
2 23044
0 5241600
2 23048
2 23052
2 22988
2 22992
0 5241560
2 22996
2 23000
2 23004
1 5241560
2 23008
0 5241596
2 23012
2 23016
2 23020
2 23024
1 29617
2 23028
0 5241600
2 23032
2 23036
2 23040
1 5241600
2 23044
0 5241600
2 23048
2 23052
2 22988
2 22992
0 5241560
2 22996
2 23000
2 23004
1 5241560
2 23008
0 5241596
2 23012
2 23016
2 23020
2 23024
1 29618
2 23028
0 5241600
2 23032
2 23036
2 23040
1 5241600
2 23044
0 5241600
2 23048
2 23052
2 22988
2 22992
0 5241560
2 22996
2 23000
2 23004
1 5241560
2 23008
0 5241596
2 23012
2 23016
2 23020
2 23024
1 29619
2 23028
0 5241600
2 23032
2 23036
2 23040
1 5241600
2 23044
0 5241600
2 23048
2 23052
2 22988
2 22992
0 5241560
2 22996
2 23000
2 23004
1 5241560
2 23008
0 5241596
2 23012
2 23016
2 23020
2 23024
1 29620
2 23028
0 5241600
2 23032
2 23036
2 23040
1 5241600
2 23044
0 5241600
2 23048
2 23052
2 22988
2 22992
0 5241560
2 22996
2 23000
2 23004
1 5241560
2 23008
0 5241596
2 23012
2 23016
2 23020
2 23024
1 29621
2 23028
0 5241600
2 23032
2 23036
2 23040
1 5241600
2 23044
0 5241600
2 23048
2 23052
2 22988
2 22992
0 5241560
2 22996
2 23000
2 23004
1 5241560
2 23008
0 5241596
2 23012
2 23016
2 23020
2 23024
1 29622
2 23028
0 5241600
2 23032
2 23036
2 23040
1 5241600
2 23044
0 5241600
2 23048
2 23052
2 22988
2 22992
0 5241560
2 22996
2 23000
2 23004
1 5241560
2 23008
0 5241596
2 23012
2 23016
2 23020
2 23024
1 29623
2 23028
0 5241600
2 23032
2 23036
2 23040
1 5241600
2 23044
0 5241600
2 23048
2 23052
2 23056
2 23060
0 5241592
2 23064
2 23068
0 5241588
2 23072
2 23076
2 17120
2 17124
0 5241616
2 17128
0 5241616
2 17132
2 17136
1 29552
2 17140
0 5241616
2 17144
2 17148
2 17152
1 29556
2 17156
0 5241616
2 17160
2 17164
2 17168
1 29560
2 17172
0 5241616
2 17176
2 17180
2 17184
1 29564
2 17188
0 5241616
2 17192
2 17196
2 17200
1 29568
2 17204
2 17208
0 5241612
2 17212
0 5241608
2 17216
2 17220
2 18412
2 18416
0 5241640
2 18420
2 18424
0 29640
2 18428
2 18432
2 18436
2 18440
2 18444
0 5241640
2 18448
2 16916
2 16920
2 16924
1 5241612
2 16928
1 5241608
2 16932
2 16936
1 5241616
2 16940
1 5241620
2 16944
1 5241624
2 16948
1 5241628
2 16952
0 5241616
2 16956
2 16960
1 29628
2 16964
0 5241616
2 16968
2 16972
1 29632
2 16976
0 5241616
2 16980
2 16984
1 29636
2 16988
0 5241620
2 16992
2 16996
2 17000
2 17004
0 5241616
2 17008
2 17012
1 29640
2 17016
0 5241616
2 17020
2 17024
1 29728
2 17028
0 5241624
2 17032
2 17036
2 17040
2 17044
0 5241616
2 17048
2 17052
1 29642
2 17056
0 5241616
2 17060
2 17064
1 29644
2 17068
0 5241616
2 17072
2 17076
1 29648
2 17080
0 5241616
2 17084
2 17088
1 29652
2 17092
0 5241616
2 17096
2 17100
2 17104
2 17108
2 17112
2 17116
2 22480
2 22484
2 22488
1 5241588
2 22492
2 22496
1 5241592
2 22500
1 5241596
2 22504
1 5241600
2 22508
0 5241592
2 22512
2 22516
1 5241560
2 22520
0 5241600
2 22524
2 22528
2 22532
2 22980
2 22984
2 23040
2 23044
0 5241600
2 23048
2 23052
2 22988
2 22992
0 5241560
2 22996
2 23000
2 23004
1 5241560
2 23008
0 5241596
2 23012
2 23016
2 23020
2 23024
1 29720
2 23028
0 5241600
2 23032
2 23036
2 23040
1 5241600
2 23044
0 5241600
2 23048
2 23052
2 22988
2 22992
0 5241560
2 22996
2 23000
2 23004
1 5241560
2 23008
0 5241596
2 23012
2 23016
2 23020
2 23024
1 29721
2 23028
0 5241600
2 23032
2 23036
2 23040
1 5241600
2 23044
0 5241600
2 23048
2 23052
2 22988
2 22992
0 5241560
2 22996
2 23000
2 23004
1 5241560
2 23008
0 5241596
2 23012
2 23016
2 23020
2 23024
1 29722
2 23028
0 5241600
2 23032
2 23036
2 23040
1 5241600
2 23044
0 5241600
2 23048
2 23052
2 22988
2 22992
0 5241560
2 22996
2 23000
2 23004
1 5241560
2 23008
0 5241596
2 23012
2 23016
2 23020
2 23024
1 29723
2 23028
0 5241600
2 23032
2 23036
2 23040
1 5241600
2 23044
0 5241600
2 23048
2 23052
2 22988
2 22992
0 5241560
2 22996
2 23000
2 23004
1 5241560
2 23008
0 5241596
2 23012
2 23016
2 23020
2 23024
1 29724
2 23028
0 5241600
2 23032
2 23036
2 23040
1 5241600
2 23044
0 5241600
2 23048
2 23052
2 22988
2 22992
0 5241560
2 22996
2 23000
2 23004
1 5241560
2 23008
0 5241596
2 23012
2 23016
2 23020
2 23024
1 29725
2 23028
0 5241600
2 23032
2 23036
2 23040
1 5241600
2 23044
0 5241600
2 23048
2 23052
2 22988
2 22992
0 5241560
2 22996
2 23000
2 23004
1 5241560
2 23008
0 5241596
2 23012
2 23016
2 23020
2 23024
1 29726
2 23028
0 5241600
2 23032
2 23036
2 23040
1 5241600
2 23044
0 5241600
2 23048
2 23052
2 22988
2 22992
0 5241560
2 22996
2 23000
2 23004
1 5241560
2 23008
0 5241596
2 23012
2 23016
2 23020
2 23024
1 29727
2 23028
0 5241600
2 23032
2 23036
2 23040
1 5241600
2 23044
0 5241600
2 23048
2 23052
2 23056
2 23060
0 5241592
2 23064
2 23068
0 5241588
2 23072
2 23076
2 17120
2 17124
0 5241616
2 17128
0 5241616
2 17132
2 17136
1 29656
2 17140
0 5241616
2 17144
2 17148
2 17152
1 29660
2 17156
0 5241616
2 17160
2 17164
2 17168
1 29664
2 17172
0 5241616
2 17176
2 17180
2 17184
1 29668
2 17188
0 5241616
2 17192
2 17196
2 17200
1 29672
2 17204
2 17208
0 5241612
2 17212
0 5241608
2 17216
2 17220
2 18452
2 18456
2 18580
2 18584
2 18588
1 5241612
2 18592
2 18596
2 18600
0 5241612
2 18604
2 18608
2 18460
2 18464
2 18468
0 5241636
2 18472
0 5241632
2 18476
2 18480
2 15020
2 15024
0 29536
2 15028
2 15032
2 15036
2 15040
2 15260
2 15264
0 29540
2 15268
2 15272
2 15276
2 15280
0 29536
2 15284
2 15288
2 15292
2 15296
2 15324
2 15328
0 5241672
2 15332
2 15336
2 21836
2 21840
2 21844
1 5241636
2 21848
1 5241632
2 21852
1 5241628
2 21856
1 5241624
2 21860
1 5241620
2 21864
1 5241616
2 21868
2 21872
1 5241640
2 21876
2 21880
0 29536
2 21884
2 21888
2 21892
2 21896
2 21936
2 21940
0 29538
2 21944
2 21948
2 21952
2 21956
0 29538
2 21960
0 5241640
2 21964
2 21968
2 21972
2 21976
2 25488
2 25492
2 25496
1 5241532
2 25500
1 5241528
2 25504
2 25508
1 5241536
2 25512
1 5241540
2 25516
1 5241544
2 25520
1 30808
2 25524
0 5241540
2 25528
0 5241544
2 25532
2 27496
2 27500
2 27504
2 27508
1 5241488
2 27512
2 27516
2 27520
2 27524
2 27528
1 5241496
2 27532
1 5241500
2 27536
2 26164
1 5241492
2 26168
2 26172
2 116
2 27544
2 27548
2 27552
2 27556
2 27560
2 26164
2 26168
2 26172
2 116
2 27568
1 5241552
2 27572
2 26164
2 26168
2 26172
2 116
2 27580
1 5241554
2 27584
2 26164
2 26168
2 26172
2 116
2 27592
1 5241556
2 27596
2 26164
2 26168
2 26172
2 116
2 27604
1 5241560
2 27608
2 26164
2 26168
2 26172
2 116
2 27616
1 5241562
2 27620
2 26164
2 26168
2 26172
2 116
2 27628
1 5241564
2 27632
2 26164
2 26168
2 26172
2 116
2 27640
1 5241566
2 27644
2 26164
2 26168
2 26172
2 116
2 27652
1 5241568
2 27656
2 26164
2 26168
2 26172
2 116
2 27664
1 5241596
2 27668
2 26164
2 26168
2 26172
2 116
2 27676
1 5241600
2 27680
2 26164
2 26168
2 26172
2 116
2 27688
1 5241572
2 27692
2 26164
2 26168
2 26172
2 116
2 27700
1 5241580
2 27704
2 26164
2 26168
2 26172
2 116
2 27712
0 5241500
2 27716
1 5241588
2 27720
0 5241492
2 27724
2 27728
0 5241488
2 27732
0 5241496
2 27736
2 25536
2 25540
1 5241520
2 25544
0 5241520
2 25548
2 25552
2 25588
2 25592
0 5241520
2 25596
2 25600
0 5241532
2 25604
0 5241528
2 25608
2 25612
2 21980
2 21984
2 22064
2 22068
0 5241556
2 22072
2 22076
2 22080
2 22084
2 22088
2 22092
2 22096
2 22100
0 5241556
2 22104
2 22108
2 22112
2 22116
2 22180
2 22184
0 29536
2 22188
2 22192
2 22196
2 22200
2 22204
1 29536
2 22208
0 5241640
2 22212
2 22216
2 3960
2 3964
2 3968
1 5241532
2 3972
1 5241528
2 3976
2 3980
1 5241536
2 3984
1 5241540
2 3988
0 5241540
2 3992
2 3996
2 4000
2 4004
2 4008
2 4012
0 5241540
2 4016
2 4020
2 4024
2 4028
2 4032
2 4040
2 4044
1 5241508
2 4048
0 5241508
2 4052
2 4056
2 4060
2 4064
0 5241508
2 4068
0 5241540
2 4072
2 4076
2 4080
2 4108
2 4112
0 5241536
2 4116
2 10368
2 10372
2 10376
1 5241452
2 10380
2 10384
1 5241456
2 10388
2 10392
0 5241452
2 10396
2 10400
2 4120
2 4124
0 5241508
2 4128
2 4132
2 4136
2 4484
2 4488
0 5241508
2 4492
2 4496
2 4500
2 4524
2 4528
0 5241508
2 4532
2 4536
2 4540
2 4544
2 4548
2 4552
0 5241508
2 4556
2 4560
2 4564
2 4568
2 4768
2 4772
1 5241476
2 4776
0 5241476
2 4780
2 4784
2 4788
2 4792
2 4796
2 4800
2 4804
1 5241480
2 4808
0 5241480
2 4812
2 4816
0 30324
2 4820
2 4824
1 5241472
2 4828
2 5108
2 5112
0 5241472
2 5116
0 5241480
2 5120
2 5124
2 5128
2 5132
0 5241476
2 5136
2 5140
2 5144
1 5241476
2 5148
2 5152
2 5156
0 29752
2 5160
2 5164
1 5241472
2 5168
0 5241472
2 5172
2 5176
2 5180
2 6432
2 6436
0 5241476
2 6440
2 6444
2 6452
2 6456
2 6460
2 6464
2 6468
1 5241488
2 6472
2 6476
2 6480
0 4
2 6484
0 5241488
2 6488
2 6492
2 6496
2 7604
2 7608
2 7612
2 7616
0 29744
2 7620
2 7624
0 29740
2 7628
2 7632
2 7636
0 5241508
2 7640
2 7644
2 7648
1 5241484
2 7652
2 7656
2 7660
0 29744
2 7664
2 7668
0 29740
2 7672
2 7676
2 7680
0 5241508
2 7684
2 7688
2 7692
2 7716
2 7720
0 5241536
2 7724
0 5241508
2 7728
2 2760
2 2764
2 2768
1 5241452
2 2772
1 5241448
2 2776
2 2780
1 5241456
2 2784
1 5241460
2 2788
1 5241416
2 2792
2 2796
2 2800
0 29744
2 2804
2 2808
1 5241420
2 2812
0 5241420
2 2816
2 2820
0 29740
2 2824
2 2828
2 2832
1 5241424
2 2836
0 5241420
2 2840
0 5241424
2 2844
2 2848
2 2852
1 5241428
2 2856
0 30784
2 2860
0 5241460
2 2864
2 2868
2 2872
2 2876
1 5241412
2 2880
2 2884
1 5241432
2 2888
0 30780
2 2892
2 2896
2 2940
2 2944
0 5241412
2 2948
0 5241456
2 2952
2 2956
2 14812
2 14816
2 14820
1 5241380
2 14824
1 5241376
2 14828
2 14832
1 5241384
2 14836
1 5241388
2 14840
1 30808
2 14844
0 5241388
2 14848
2 26092
2 26096
2 26100
2 88
2 14856
1 5241368
2 14860
0 5241368
2 14864
2 14868
2 14904
2 14908
0 5241368
2 14912
2 14916
0 5241380
2 14920
0 5241376
2 14924
2 14928
2 2960
2 2964
1 5241400
2 2968
0 5241400
2 2972
2 2976
2 2980
2 2984
0 5241400
2 2988
0 5241428
2 2992
2 2996
2 3000
2 3032
2 3036
2 3040
0 30812
2 3044
2 3048
2 3052
0 5241412
2 3056
2 3060
2 3064
2 3068
2 3072
1 30812
2 3076
0 5241400
2 3080
0 5241428
2 3084
2 3088
2 3180
2 3184
0 30780
2 3188
2 3192
2 3196
2 3200
0 5241400
2 3204
2 3208
1 30780
2 3212
2 3252
2 3256
0 5241400
2 3260
2 3264
2 3268
2 3272
1 5241440
2 3276
0 5241440
2 3280
2 3284
2 3288
2 3292
2 3296
0 5241440
2 3300
2 3304
2 3308
1 5241404
2 3312
0 5241400
2 3316
0 5241404
2 3320
2 3324
2 3328
1 5241400
2 3332
2 3340
2 3344
0 5241400
2 3348
0 5241412
2 3352
2 3356
2 3360
2 3364
0 5241432
2 3368
2 3372
2 3376
2 3380
0 5241432
2 3384
2 3388
2 3392
0 5241404
2 3396
2 3400
2 3404
1 5241404
2 3408
0 5241404
2 3412
0 5241456
2 3416
2 3420
2 14812
2 14816
2 14820
1 5241380
2 14824
1 5241376
2 14828
2 14832
1 5241384
2 14836
1 5241388
2 14840
1 30808
2 14844
0 5241388
2 14848
2 26092
2 26096
2 26100
2 88
2 14856
1 5241368
2 14860
0 5241368
2 14864
2 14868
2 14904
2 14908
0 5241368
2 14912
2 14916
0 5241380
2 14920
0 5241376
2 14924
2 14928
2 3424
2 3428
1 5241408
2 3432
0 5241408
2 3436
2 3440
2 3468
2 3472
2 3476
0 31860
2 3480
2 3484
2 3488
0 5241404
2 3492
2 3496
2 3500
2 3504
2 3508
1 30812
2 3512
2 3516
2 3520
0 5241400
2 3524
2 3528
1 29744
2 3532
0 5241408
2 3536
0 5241400
2 3540
2 3544
2 3548
2 3552
0 5241404
2 3556
2 3560
2 3564
1 5241436
2 3568
2 3572
2 3576
0 30864
2 3580
0 5241436
2 3584
2 3588
2 3592
1 30860
2 3596
0 5241420
2 3600
2 3604
2 3608
2 3832
2 3836
2 3840
0 32728
2 3844
2 3848
2 3852
0 30788
2 3856
2 3860
2 3864
2 3868
2 3872
2 3876
0 32728
2 3880
2 3884
1 30788
2 3888
2 3892
0 32728
2 3896
2 3900
2 3904
0 30792
2 3908
2 3912
2 3916
2 3920
2 3924
2 3928
0 32728
2 3932
2 3936
1 30792
2 3940
2 3944
0 5241452
2 3948
0 5241448
2 3952
2 3956
2 7732
2 7736
2 7740
2 7744
0 30864
2 7748
2 7752
0 30860
2 7756
2 7760
2 7764
0 5241508
2 7768
2 7772
2 7776
1 5241484
2 7780
2 7784
2 7788
0 30864
2 7792
2 7796
0 30860
2 7800
2 7804
2 7808
0 5241508
2 7812
2 7816
2 7820
2 7824
2 7828
0 5241484
2 7832
2 7836
2 7840
2 7868
2 7872
2 7876
2 7880
0 30864
2 7884
2 7888
1 5241472
2 7892
0 5241508
2 7896
2 7900
2 7904
0 5241472
2 7908
2 7912
1 30860
2 7916
2 7920
2 7924
0 5241472
2 7928
0 5241508
2 7932
2 7936
2 7940
1 29744
2 7944
2 7948
2 7952
0 31896
2 7956
0 5241484
2 7960
2 7964
2 7968
1 31892
2 7972
0 5241536
2 7976
2 10404
2 10408
2 10412
1 5241452
2 10416
2 10420
1 5241456
2 10424
2 10428
0 5241452
2 10432
2 10436
2 7980
2 7984
0 5241472
2 7988
2 7992
2 7996
2 8000
0 5241532
2 8004
0 5241528
2 8008
2 8012
2 22220
2 22224
2 22228
2 22316
2 22320
0 5241640
2 22324
2 22328
2 22332
1 28732
2 22336
0 29536
2 22340
2 22344
2 22348
2 22352
2 22356
1 29536
2 22360
1 29524
2 22364
0 29524
2 22368
2 22372
1 29540
2 22376
2 22380
1 29544
2 22384
2 22388
2 22392
0 29538
2 22396
0 5241640
2 22400
2 22404
2 25616
2 25620
2 25624
1 5241532
2 25628
1 5241528
2 25632
2 25636
1 5241536
2 25640
1 5241540
2 25644
1 30808
2 25648
0 5241540
2 25652
2 26080
2 26084
2 26088
2 84
2 25660
1 5241520
2 25664
0 5241520
2 25668
2 25672
2 25708
2 25712
0 5241520
2 25716
2 25720
0 5241532
2 25724
0 5241528
2 25728
2 25732
2 22408
2 22412
2 22416
2 22420
0 29536
2 22424
2 22428
2 22432
2 22436
2 22440
1 29536
2 22444
2 22448
0 5241636
2 22452
0 5241632
2 22456
0 5241628
2 22460
0 5241624
2 22464
0 5241620
2 22468
0 5241616
2 22472
2 22476
2 15340
2 15344
0 29536
2 15348
2 15352
2 15356
2 15360
2 15364
2 15368
1 29532
2 15372
0 29544
2 15376
2 15380
2 15384
1 29548
2 15388
2 15436
2 15440
0 29540
2 15444
2 15448
2 15512
2 15516
2 15520
2 15524
0 5241668
2 15528
0 5241664
2 15532
0 5241660
2 15536
2 15540
2 936
2 940
2 956
2 960
0 5241772
2 964
2 968
0 29536
2 972
2 976
2 980
2 984
2 1140
2 1144
0 29536
2 1148
2 1152
2 1156
2 1160
2 2100
2 2104
1 5241688
2 2108
1 5241692
2 2112
2 2140
2 2144
2 2124
2 2128
1 5241688
2 2132
0 5241784
2 2136
0 5241788
2 2140
2 2144
2 2148
2 2152
0 5241688
2 2156
2 2160
2 2164
2 2168
2 2172
2 2176
2 2180
2 8016
2 8020
2 8024
1 5241668
2 8028
2 8032
1 5241672
2 8036
1 5241676
2 8040
1 5241680
2 8044
0 5241672
2 8048
2 8052
1 5241640
2 8056
0 5241676
2 8060
2 8064
1 5241656
2 8068
2 8164
2 8168
0 5241640
2 8172
2 8176
2 8180
2 8184
2 8188
0 5241680
2 8192
2 8196
2 8200
2 8204
2 8208
0 5241640
2 8212
2 8216
1 5241644
2 8220
0 5241656
2 8224
2 8228
2 8232
0 5241656
2 8236
2 8240
2 8244
1 5241648
2 8248
0 5241648
2 8252
2 8256
2 8260
0 5241648
2 8264
2 8268
2 8272
1 5241648
2 8276
2 8280
1 5241652
2 8284
2 8336
2 8340
0 5241652
2 8344
2 8348
2 8352
2 8356
2 8360
2 8492
2 8496
0 5241680
2 8500
2 8504
2 8508
2 8364
2 8368
0 5241644
2 8372
2 8376
0 27848
2 8380
0 5241648
2 8384
2 8388
2 8392
2 8396
2 8400
2 8404
0 5241644
2 8408
2 8412
0 27848
2 8416
0 5241648
2 8420
2 8424
2 8428
2 8432
2 8436
2 8440
2 8444
2 8448
2 8460
2 8464
0 5241680
2 8468
2 8472
2 8476
1 5241680
2 8480
0 5241644
2 8484
2 8488
2 8492
1 5241644
2 8496
0 5241680
2 8500
2 8504
2 8508
2 8512
2 8516
0 5241644
2 8520
2 8524
1 5241640
2 8528
2 8596
2 8600
0 5241680
2 8604
2 8608
2 8612
1 5241680
2 8616
2 8540
2 8544
0 5241640
2 8548
2 8552
0 111
2 8556
0 5241656
2 8560
2 8564
2 8580
2 8584
0 5241640
2 8588
2 8592
2 8596
1 5241640
2 8600
0 5241680
2 8604
2 8608
2 8612
1 5241680
2 8616
2 8620
2 8624
2 8628
2 8632
0 5241668
2 8636
2 8640
2 2184
2 2188
1 5241708
2 2192
0 5241708
2 2196
2 2200
2 2236
2 2240
2 2244
1 5241692
2 2248
2 2252
1 5241688
2 2256
0 5241692
2 2260
2 2264
2 2268
2 2272
2 2276
2 2280
2 2284
0 29532
2 2288
0 29544
2 2292
2 2296
2 2300
0 29524
2 2304
0 29540
2 2308
2 2312
2 2316
2 2416
2 2420
0 29544
2 2424
2 2428
2 2432
2 2488
2 2492
2 2496
0 29524
2 2500
2 2504
2 2508
2 2512
2 2516
2 9612
2 9616
2 9620
1 5241668
2 9624
2 9628
1 5241672
2 9632
1 5241676
2 9636
1 5241680
2 9640
0 5241672
2 9644
2 9648
1 5241648
2 9652
0 5241676
2 9656
2 9660
1 5241652
2 9664
0 5241652
2 9668
0 5241648
2 9672
2 9676
2 9680
2 9684
2 9688
0 5241652
2 9692
0 5241680
2 9696
2 9700
2 9704
0 5241648
2 9708
2 9712
2 9716
2 9856
2 9860
0 5241680
2 9864
2 9868
2 9872
2 10268
2 10272
2 10320
2 10324
0 5241680
2 10328
2 10332
2 10336
1 5241680
2 10340
2 10276
2 10280
0 5241648
2 10284
2 10288
2 10292
1 5241648
2 10296
0 5241652
2 10300
2 10304
2 10308
1 5241652
2 10312
0 104
2 10316
2 10320
1 30864
2 10324
0 5241680
2 10328
2 10332
2 10336
1 5241680
2 10340
2 10276
2 10280
0 5241648
2 10284
2 10288
2 10292
1 5241648
2 10296
0 5241652
2 10300
2 10304
2 10308
1 5241652
2 10312
0 101
2 10316
2 10320
1 30865
2 10324
0 5241680
2 10328
2 10332
2 10336
1 5241680
2 10340
2 10276
2 10280
0 5241648
2 10284
2 10288
2 10292
1 5241648
2 10296
0 5241652
2 10300
2 10304
2 10308
1 5241652
2 10312
0 108
2 10316
2 10320
1 30866
2 10324
0 5241680
2 10328
2 10332
2 10336
1 5241680
2 10340
2 10276
2 10280
0 5241648
2 10284
2 10288
2 10292
1 5241648
2 10296
0 5241652
2 10300
2 10304
2 10308
1 5241652
2 10312
0 108
2 10316
2 10320
1 30867
2 10324
0 5241680
2 10328
2 10332
2 10336
1 5241680
2 10340
2 10276
2 10280
0 5241648
2 10284
2 10288
2 10292
1 5241648
2 10296
0 5241652
2 10300
2 10304
2 10308
1 5241652
2 10312
0 111
2 10316
2 10320
1 30868
2 10324
0 5241680
2 10328
2 10332
2 10336
1 5241680
2 10340
2 10344
2 10348
0 5241672
2 10352
2 10356
0 5241668
2 10360
2 10364
2 2520
2 2524
0 29532
2 2528
2 2532
2 2536
1 29532
2 2540
0 29524
2 2544
2 2548
2 2552
1 29524
2 2556
0 5241692
2 2560
2 2564
2 2568
1 5241692
2 2572
0 5241692
2 2576
2 2580
2 2620
2 2624
2 2628
2 2632
2 2636
2 2640
0 5241780
2 2644
2 2648
2 2652
1 5241780
2 2656
0 5241780
2 2660
2 2664
2 2116
2 2120
2 2140
2 2144
2 2124
2 2128
1 5241688
2 2132
0 5241792
2 2136
0 5241796
2 2140
2 2144
2 2148
2 2152
0 5241688
2 2156
2 2160
2 2164
2 2168
2 2172
2 2176
2 2180
2 8016
2 8020
2 8024
1 5241668
2 8028
2 8032
1 5241672
2 8036
1 5241676
2 8040
1 5241680
2 8044
0 5241672
2 8048
2 8052
1 5241640
2 8056
0 5241676
2 8060
2 8064
1 5241656
2 8068
2 8164
2 8168
0 5241640
2 8172
2 8176
2 8180
2 8184
2 8188
0 5241680
2 8192
2 8196
2 8200
2 8532
2 8536
2 8596
2 8600
0 5241680
2 8604
2 8608
2 8612
1 5241680
2 8616
2 8540
2 8544
0 5241640
2 8548
2 8552
0 10
2 8556
0 5241656
2 8560
2 8564
2 8568
2 8572
0 5241640
2 8576
2 8624
2 8628
2 8632
0 5241668
2 8636
2 8640
2 2184
2 2188
1 5241708
2 2192
0 5241708
2 2196
2 2200
2 2204
2 2208
0 5241708
2 2212
2 2216
2 2220
2 2224
2 2228
2 2232
2 2240
2 2244
1 5241692
2 2248
2 2252
1 5241688
2 2256
0 5241692
2 2260
2 2264
2 2268
2 2276
2 2280
2 2284
0 29532
2 2288
0 29544
2 2292
2 2296
2 2300
0 29524
2 2304
0 29540
2 2308
2 2312
2 2316
2 2320
2 2324
2 2328
2 2416
2 2420
0 29544
2 2424
2 2428
2 2432
2 2488
2 2492
2 2496
0 29524
2 2500
2 2504
2 2508
2 2512
2 2516
2 9612
2 9616
2 9620
1 5241668
2 9624
2 9628
1 5241672
2 9632
1 5241676
2 9636
1 5241680
2 9640
0 5241672
2 9644
2 9648
1 5241648
2 9652
0 5241676
2 9656
2 9660
1 5241652
2 9664
0 5241652
2 9668
0 5241648
2 9672
2 9676
2 9680
2 9684
2 9688
0 5241652
2 9692
0 5241680
2 9696
2 9700
2 9704
0 5241648
2 9708
2 9712
2 9716
2 9856
2 9860
0 5241680
2 9864
2 9868
2 9872
2 10268
2 10272
2 10320
2 10324
0 5241680
2 10328
2 10332
2 10336
1 5241680
2 10340
2 10276
2 10280
0 5241648
2 10284
2 10288
2 10292
1 5241648
2 10296
0 5241652
2 10300
2 10304
2 10308
1 5241652
2 10312
0 10
2 10316
2 10320
1 30869
2 10324
0 5241680
2 10328
2 10332
2 10336
1 5241680
2 10340
2 10344
2 10348
0 5241672
2 10352
2 10356
0 5241668
2 10360
2 10364
2 2520
2 2524
0 29532
2 2528
2 2532
2 2536
1 29532
2 2540
0 29524
2 2544
2 2548
2 2552
1 29524
2 2556
0 5241692
2 2560
2 2564
2 2568
1 5241692
2 2572
0 5241692
2 2576
2 2580
2 2584
2 2588
0 5241752
2 2592
2 2596
2 16644
2 16648
2 16652
1 5241668
2 16656
1 5241664
2 16660
1 5241660
2 16664
2 16668
1 5241672
2 16672
2 16676
0 5241672
2 16680
2 16684
2 16688
2 16692
0 5241672
2 16696
2 16700
0 57
2 16704
2 16708
2 16724
2 16728
0 29536
2 16732
2 16736
2 16752
2 16756
0 5241672
2 16760
2 16764
2 15544
2 15548
2 15552
1 5241628
2 15556
1 5241624
2 15560
1 5241620
2 15564
1 5241616
2 15568
1 5241612
2 15572
1 5241608
2 15576
2 15580
1 5241632
2 15584
2 15588
0 29536
2 15592
2 15596
2 15600
2 15604
2 16408
2 16412
0 29540
2 16416
2 16420
2 16436
2 16440
0 29524
2 16444
2 16448
2 16452
2 16456
2 16460
1 29524
2 16464
2 16468
2 16484
2 16488
2 16492
1 29532
2 16496
2 16592
2 16596
2 16500
2 16504
0 29560
2 16508
0 29552
2 16512
0 5241632
2 16516
2 16520
2 16524
2 16528
2 24296
2 24300
2 24304
1 5241572
2 24308
1 5241568
2 24312
1 5241564
2 24316
2 24320
1 5241576
2 24324
1 5241580
2 24328
1 5241584
2 24332
1 5241588
2 24336
0 5241580
2 24340
2 24344
0 29536
2 24348
2 24352
2 24356
2 24360
2 24392
2 24396
0 29536
2 24400
2 24404
2 24408
2 24412
2 24416
1 29536
2 24420
0 29538
2 24424
2 24428
2 24432
0 5241588
2 24436
0 5241576
2 24440
2 24444
0 5241584
2 24448
2 24452
2 24768
2 24772
2 24776
1 5241532
2 24780
1 5241528
2 24784
2 24788
1 5241536
2 24792
1 5241540
2 24796
1 5241544
2 24800
1 5241548
2 24804
1 30808
2 24808
0 5241540
2 24812
0 5241544
2 24816
0 5241548
2 24820
2 26068
2 26072
2 26076
2 80
2 24828
1 5241520
2 24832
0 5241520
2 24836
2 24840
2 24876
2 24880
0 5241520
2 24884
2 24888
0 5241532
2 24892
0 5241528
2 24896
2 24900
2 24456
2 24460
1 5241552
2 24464
0 5241552
2 24468
2 24472
0 5241572
2 24476
0 5241568
2 24480
0 5241564
2 24484
2 24488
2 16532
2 16536
2 16540
2 16580
2 16584
2 16588
2 16592
2 16596
2 16600
2 16604
2 16608
2 16612
0 5241628
2 16616
0 5241624
2 16620
0 5241620
2 16624
0 5241616
2 16628
0 5241612
2 16632
0 5241608
2 16636
2 16640
2 16768
2 16772
1 5241648
2 16776
0 5241648
2 16780
2 16784
0 5241668
2 16788
0 5241664
2 16792
0 5241660
2 16796
2 16800
2 2600
2 2604
2 2616
2 2620
1 5241688
2 2624
2 2628
2 2632
2 2636
2 2640
0 5241780
2 2644
2 2648
2 2652
1 5241780
2 2656
0 5241780
2 2660
2 2664
2 2668
2 2672
2 2676
2 2708
2 2712
2 2716
0 5241748
2 2720
0 5241744
2 2724
0 5241740
2 2728
0 5241736
2 2732
0 5241732
2 2736
0 5241728
2 2740
0 5241724
2 2744
0 5241720
2 2748
0 5241716
2 2752
2 2756
2 644
2 648
2 664
2 668
2 672
2 676
0 5241804
2 680
0 5241800
2 684
2 688
2 736
2 740
2 744
0 5241828
2 748
0 5241824
2 752
2 756
2 328
2 332
2 336
2 340
0 5241852
2 344
0 5241848
2 348
2 352
2 280
2 284
2 288
2 26116
2 26120
2 26124
2 100
