
        SystemC 2.3.1-Accellera --- May  6 2016 08:53:17
        Copyright (c) 1996-2014 by all Contributors,
        ALL RIGHTS RESERVED
ArchC: Reading ELF application file: /home/ec2014/ra033324/y4k/classes/mc723a/projeto2/MC723/projeto2/sim/run_dir/qsort//qsort_small.mips
ArchC: -------------------- Starting Simulation --------------------

ArchC: -------------------- Simulation Finished --------------------
                   1 y4k_superscalar_idx

              684031 y4k_nottaken
             2021382 y4k_taken

              304883 y4k_nt_after_nt
              379148 y4k_nt_after_t
              379147 y4k_t_after_nt
             1642235 y4k_t_after_t

              166956 y4k_lb
              606791 y4k_lbu
              100317 y4k_lh
                   0 y4k_lhu
             8793541 y4k_lw
                   0 y4k_lwl
                   0 y4k_lwr
              126944 y4k_sb
               10032 y4k_sh
             5993046 y4k_sw
                   0 y4k_swl
                   0 y4k_swr

              400888 y4k_j
              251143 y4k_jal
              357034 y4k_jr
               85889 y4k_jalr
              547096 y4k_beq
              953508 y4k_bne
               47469 y4k_blez
             1043009 y4k_bgtz
               76176 y4k_bltz
               38155 y4k_bgez
                   0 y4k_bltzal
                   0 y4k_bgezal

             2054542 y4k_war
             3756005 y4k_raw
              591208 y4k_waw

Info: /OSCI/SystemC: Simulation stopped by user.
ArchC: Simulation statistics
    Times: 5.11 user, 0.17 system, 5.25 real
    Number of instructions executed: 39464251
    Simulation speed: 7722.94 K instr/s

